<?xml version="1.0" encoding="UTF-8"?>
<testsuite xmlns:xsi="http://www.w3.org/2001/XMLSchema-instance" xsi:noNamespaceSchemaLocation="https://maven.apache.org/surefire/maven-surefire-plugin/xsd/surefire-test-report.xsd" name="TestRunner.testrunner" time="271.538" tests="24" errors="0" skipped="0" failures="4">
  <properties>
[...]
</properties>
  <testcase name="Given browser launched and hit the application URL" classname="Scenario: Login Mercury Site" time="0.002"/>
  <testcase name="And user logs in with valid credentials &quot;mercury&quot; and &quot;mercury&quot;" classname="Scenario: Login Mercury Site" time="0.001"/>
  <testcase name="Then user should see success message" classname="Scenario: Login Mercury Site" time="0"/>
  <testcase name="Scenario: Login Mercury Site" classname="Scenario: Login Mercury Site" time="2.1"/>
  <testcase name="Given browser launched and hit the application URL" classname="| mercury | mercury |" time="0"/>
  <testcase name="Given browser launched and hit the application URL" classname="| mercury | mercury |" time="0"/>
  <testcase name="And user logs in with valid credentials &quot;mercury&quot; and &quot;mercury&quot;" classname="| mercury | mercury |" time="0"/>
  <testcase name="And user logs in with valid credentials &quot;mercury&quot; and &quot;mercury&quot;" classname="| mercury | mercury |" time="0"/>
  <testcase name="Then user should see success message" classname="| mercury | mercury |" time="0"/>
  <testcase name="Then user should see success message" classname="| mercury | mercury |" time="0.001"/>
  <testcase name="| mercury | mercury |" classname="| mercury | mercury |" time="2.514"/>
  <testcase name="| mercury | mercury |" classname="| mercury | mercury |" time="1.435"/>
  <testcase name="Given browser launched and hit the application URL" classname="| mercury | mrcury |" time="0"/>
  <testcase name="And user logs in with valid credentials &quot;mercury&quot; and &quot;mrcury&quot;" classname="| mercury | mrcury |" time="0"/>
  <testcase name="Then user should see success message" classname="| mercury | mrcury |" time="0.004">
    <failure type="java.lang.AssertionError">java.lang.AssertionError
</failure>
  </testcase>
  <testcase name="| mercury | mrcury |" classname="| mercury | mrcury |" time="0.004">
    <failure type="java.lang.AssertionError">java.lang.AssertionError
</failure>
  </testcase>
  <testcase name="Given browser launched and hit the application URL" classname="| mercur | mercury |" time="0"/>
  <testcase name="And user logs in with valid credentials &quot;mercur&quot; and &quot;mercury&quot;" classname="| mercur | mercury |" time="0.001"/>
  <testcase name="Then user should see success message" classname="| mercur | mercury |" time="0"/>
  <testcase name="| mercur | mercury |" classname="| mercur | mercury |" time="2.149"/>
  <testcase name="Given browser launched and hit the application URL" classname="| mercry | mecury |" time="0"/>
  <testcase name="And user logs in with valid credentials &quot;mercry&quot; and &quot;mecury&quot;" classname="| mercry | mecury |" time="0"/>
  <testcase name="Then user should see success message" classname="| mercry | mecury |" time="0">
    <failure type="java.lang.AssertionError">java.lang.AssertionError
</failure>
  </testcase>
  <testcase name="| mercry | mecury |" classname="| mercry | mecury |" time="0">
    <failure type="java.lang.AssertionError">java.lang.AssertionError
</failure>
  </testcase>
</testsuite>