<?xml version="1.0" encoding="UTF-8"?><testsuite failures="2" name="cucumber.runtime.formatter.JUnitFormatter" skipped="0" tests="7" time="214.779672">
<testcase classname="Title of your feature" name="Login mercury site for a single user using data table" time="58.439186">
<system-out><![CDATA[Given browser launched and hit the application URL..........................passed
And user enters credentials to login........................................passed
Then user should see success message........................................passed
]]></system-out>
</testcase>
<testcase classname="Title of your feature" name="Login Mercury Site by passing direct values" time="32.249852">
<system-out><![CDATA[Given browser launched and hit the application URL..........................passed
And user logs in with valid credentials "mercury" and "mercury".............passed
Then user should see success message........................................passed
]]></system-out>
</testcase>
<testcase classname="Title of your feature" name="Login Mercury Site using differnet testdata" time="35.835166">
<system-out><![CDATA[Given browser launched and hit the application URL..........................passed
And user logs in with valid credentials "mercury" and "mercury".............passed
Then user should see success message........................................passed
]]></system-out>
</testcase>
<testcase classname="Title of your feature" name="Login Mercury Site using differnet testdata 2" time="15.346613">
<failure message="java.lang.AssertionError&#13;&#10;&#9;at org.junit.Assert.fail(Assert.java:86)&#13;&#10;&#9;at org.junit.Assert.assertTrue(Assert.java:41)&#13;&#10;&#9;at org.junit.Assert.assertTrue(Assert.java:52)&#13;&#10;&#9;at StepDef.LoginPageStepDef.verify_text(LoginPageStepDef.java:53)&#13;&#10;&#9;at StepDef.StepDef.user_should_see_success_message(StepDef.java:31)&#13;&#10;&#9;at ✽.Then user should see success message(features.feature:26)&#13;&#10;"><![CDATA[Given browser launched and hit the application URL..........................passed
And user logs in with valid credentials "mercury" and "mrcury"..............passed
Then user should see success message........................................failed

StackTrace:
java.lang.AssertionError
	at org.junit.Assert.fail(Assert.java:86)
	at org.junit.Assert.assertTrue(Assert.java:41)
	at org.junit.Assert.assertTrue(Assert.java:52)
	at StepDef.LoginPageStepDef.verify_text(LoginPageStepDef.java:53)
	at StepDef.StepDef.user_should_see_success_message(StepDef.java:31)
	at ✽.Then user should see success message(features.feature:26)
]]></failure>
</testcase>
<testcase classname="Title of your feature" name="Login Mercury Site using differnet testdata 3" time="19.464736">
<system-out><![CDATA[Given browser launched and hit the application URL..........................passed
And user logs in with valid credentials "mercur" and "mercury"..............passed
Then user should see success message........................................passed
]]></system-out>
</testcase>
<testcase classname="Title of your feature" name="Login Mercury Site using differnet testdata 4" time="36.626199">
<system-out><![CDATA[Given browser launched and hit the application URL..........................passed
And user logs in with valid credentials "mercury" and "mercury".............passed
Then user should see success message........................................passed
]]></system-out>
</testcase>
<testcase classname="Title of your feature" name="Login Mercury Site using differnet testdata 5" time="16.81792">
<failure message="java.lang.AssertionError&#13;&#10;&#9;at org.junit.Assert.fail(Assert.java:86)&#13;&#10;&#9;at org.junit.Assert.assertTrue(Assert.java:41)&#13;&#10;&#9;at org.junit.Assert.assertTrue(Assert.java:52)&#13;&#10;&#9;at StepDef.LoginPageStepDef.verify_text(LoginPageStepDef.java:53)&#13;&#10;&#9;at StepDef.StepDef.user_should_see_success_message(StepDef.java:31)&#13;&#10;&#9;at ✽.Then user should see success message(features.feature:26)&#13;&#10;"><![CDATA[Given browser launched and hit the application URL..........................passed
And user logs in with valid credentials "mercry" and "mecury"...............passed
Then user should see success message........................................failed

StackTrace:
java.lang.AssertionError
	at org.junit.Assert.fail(Assert.java:86)
	at org.junit.Assert.assertTrue(Assert.java:41)
	at org.junit.Assert.assertTrue(Assert.java:52)
	at StepDef.LoginPageStepDef.verify_text(LoginPageStepDef.java:53)
	at StepDef.StepDef.user_should_see_success_message(StepDef.java:31)
	at ✽.Then user should see success message(features.feature:26)
]]></failure>
</testcase>
</testsuite>
